<?xml version="1.0" encoding="UTF-8"?>
<!-- Generated by org.testng.reporters.JUnitReportReporter -->
<testsuite skipped="0" hostname="DESKTOP-PCG3QI7" name="com.Automation.TestScripts.RegressionSuiteHomePage" tests="1" failures="0" timestamp="14 Aug 2018 09:32:34 GMT" time="0.081" errors="0">
  <testcase name="AppLaunch" time="0.081" classname="com.Automation.TestScripts.RegressionSuiteHomePage"/>
</testsuite> <!-- com.Automation.TestScripts.RegressionSuiteHomePage -->
